[10-Jun-2022 13:14:29 UTC] PHP Fatal error:  Uncaught Error: Call to undefined function language__attributes() in /Users/chayanao/Local Sites/hamburger/app/public/wp-content/themes/Hamburger/header.php:2
Stack trace:
#0 /Users/chayanao/Local Sites/hamburger/app/public/wp-includes/template.php(770): require_once()
#1 /Users/chayanao/Local Sites/hamburger/app/public/wp-includes/template.php(716): load_template('/Users/chayanao...', true, Array)
#2 /Users/chayanao/Local Sites/hamburger/app/public/wp-includes/general-template.php(48): locate_template(Array, true, true, Array)
#3 /Users/chayanao/Local Sites/hamburger/app/public/wp-content/themes/Hamburger/index.php(1): get_header()
#4 /Users/chayanao/Local Sites/hamburger/app/public/wp-includes/template-loader.php(106): include('/Users/chayanao...')
#5 /Users/chayanao/Local Sites/hamburger/app/public/wp-blog-header.php(19): require_once('/Users/chayanao...')
#6 /Users/chayanao/Local Sites/hamburger/app/public/index.php(17): require('/Users/chayanao...')
#7 {main}
  thrown in /Users/chayanao/Local Sites/hamburger/app/public/wp-content/themes/Hamburger/header.php on line 2
[10-Jun-2022 13:18:02 UTC] PHP Fatal error:  Uncaught Error: Call to undefined function language__attributes() in /Users/chayanao/Local Sites/hamburger/app/public/wp-content/themes/Hamburger/header.php:2
Stack trace:
#0 /Users/chayanao/Local Sites/hamburger/app/public/wp-includes/template.php(770): require_once()
#1 /Users/chayanao/Local Sites/hamburger/app/public/wp-includes/template.php(716): load_template('/Users/chayanao...', true, Array)
#2 /Users/chayanao/Local Sites/hamburger/app/public/wp-includes/general-template.php(48): locate_template(Array, true, true, Array)
#3 /Users/chayanao/Local Sites/hamburger/app/public/wp-content/themes/Hamburger/index.php(1): get_header()
#4 /Users/chayanao/Local Sites/hamburger/app/public/wp-includes/template-loader.php(106): include('/Users/chayanao...')
#5 /Users/chayanao/Local Sites/hamburger/app/public/wp-blog-header.php(19): require_once('/Users/chayanao...')
#6 /Users/chayanao/Local Sites/hamburger/app/public/index.php(17): require('/Users/chayanao...')
#7 {main}
  thrown in /Users/chayanao/Local Sites/hamburger/app/public/wp-content/themes/Hamburger/header.php on line 2
[10-Jun-2022 23:47:41 UTC] PHP Fatal error:  Uncaught Error: Call to undefined function get_template_directory_url() in /Users/chayanao/Local Sites/hamburger/app/public/wp-content/themes/Hamburger/header.php:10
Stack trace:
#0 /Users/chayanao/Local Sites/hamburger/app/public/wp-includes/template.php(770): require_once()
#1 /Users/chayanao/Local Sites/hamburger/app/public/wp-includes/template.php(716): load_template('/Users/chayanao...', true, Array)
#2 /Users/chayanao/Local Sites/hamburger/app/public/wp-includes/general-template.php(48): locate_template(Array, true, true, Array)
#3 /Users/chayanao/Local Sites/hamburger/app/public/wp-content/themes/Hamburger/index.php(1): get_header()
#4 /Users/chayanao/Local Sites/hamburger/app/public/wp-includes/template-loader.php(106): include('/Users/chayanao...')
#5 /Users/chayanao/Local Sites/hamburger/app/public/wp-blog-header.php(19): require_once('/Users/chayanao...')
#6 /Users/chayanao/Local Sites/hamburger/app/public/index.php(17): require('/Users/chayanao...')
#7 {main}
  thrown in /Users/chayanao/Local Sites/hamburger/app/public/wp-content/themes/Hamburger/header.php on line 10
[10-Jun-2022 23:47:43 UTC] PHP Fatal error:  Uncaught Error: Call to undefined function get_template_directory_url() in /Users/chayanao/Local Sites/hamburger/app/public/wp-content/themes/Hamburger/header.php:10
Stack trace:
#0 /Users/chayanao/Local Sites/hamburger/app/public/wp-includes/template.php(770): require_once()
#1 /Users/chayanao/Local Sites/hamburger/app/public/wp-includes/template.php(716): load_template('/Users/chayanao...', true, Array)
#2 /Users/chayanao/Local Sites/hamburger/app/public/wp-includes/general-template.php(48): locate_template(Array, true, true, Array)
#3 /Users/chayanao/Local Sites/hamburger/app/public/wp-content/themes/Hamburger/index.php(1): get_header()
#4 /Users/chayanao/Local Sites/hamburger/app/public/wp-includes/template-loader.php(106): include('/Users/chayanao...')
#5 /Users/chayanao/Local Sites/hamburger/app/public/wp-blog-header.php(19): require_once('/Users/chayanao...')
#6 /Users/chayanao/Local Sites/hamburger/app/public/index.php(17): require('/Users/chayanao...')
#7 {main}
  thrown in /Users/chayanao/Local Sites/hamburger/app/public/wp-content/themes/Hamburger/header.php on line 10
[10-Jun-2022 23:55:43 UTC] PHP Fatal error:  Uncaught Error: Call to undefined function get_template_directory_url() in /Users/chayanao/Local Sites/hamburger/app/public/wp-content/themes/Hamburger/header.php:10
Stack trace:
#0 /Users/chayanao/Local Sites/hamburger/app/public/wp-includes/template.php(770): require_once()
#1 /Users/chayanao/Local Sites/hamburger/app/public/wp-includes/template.php(716): load_template('/Users/chayanao...', true, Array)
#2 /Users/chayanao/Local Sites/hamburger/app/public/wp-includes/general-template.php(48): locate_template(Array, true, true, Array)
#3 /Users/chayanao/Local Sites/hamburger/app/public/wp-content/themes/Hamburger/index.php(1): get_header()
#4 /Users/chayanao/Local Sites/hamburger/app/public/wp-includes/template-loader.php(106): include('/Users/chayanao...')
#5 /Users/chayanao/Local Sites/hamburger/app/public/wp-blog-header.php(19): require_once('/Users/chayanao...')
#6 /Users/chayanao/Local Sites/hamburger/app/public/index.php(17): require('/Users/chayanao...')
#7 {main}
  thrown in /Users/chayanao/Local Sites/hamburger/app/public/wp-content/themes/Hamburger/header.php on line 10
[10-Jun-2022 23:55:45 UTC] PHP Fatal error:  Uncaught Error: Call to undefined function get_template_directory_url() in /Users/chayanao/Local Sites/hamburger/app/public/wp-content/themes/Hamburger/header.php:10
Stack trace:
#0 /Users/chayanao/Local Sites/hamburger/app/public/wp-includes/template.php(770): require_once()
#1 /Users/chayanao/Local Sites/hamburger/app/public/wp-includes/template.php(716): load_template('/Users/chayanao...', true, Array)
#2 /Users/chayanao/Local Sites/hamburger/app/public/wp-includes/general-template.php(48): locate_template(Array, true, true, Array)
#3 /Users/chayanao/Local Sites/hamburger/app/public/wp-content/themes/Hamburger/index.php(1): get_header()
#4 /Users/chayanao/Local Sites/hamburger/app/public/wp-includes/template-loader.php(106): include('/Users/chayanao...')
#5 /Users/chayanao/Local Sites/hamburger/app/public/wp-blog-header.php(19): require_once('/Users/chayanao...')
#6 /Users/chayanao/Local Sites/hamburger/app/public/index.php(17): require('/Users/chayanao...')
#7 {main}
  thrown in /Users/chayanao/Local Sites/hamburger/app/public/wp-content/themes/Hamburger/header.php on line 10
[10-Jun-2022 23:57:04 UTC] PHP Fatal error:  Uncaught Error: Call to undefined function get_template_directory_url() in /Users/chayanao/Local Sites/hamburger/app/public/wp-content/themes/Hamburger/header.php:10
Stack trace:
#0 /Users/chayanao/Local Sites/hamburger/app/public/wp-includes/template.php(770): require_once()
#1 /Users/chayanao/Local Sites/hamburger/app/public/wp-includes/template.php(716): load_template('/Users/chayanao...', true, Array)
#2 /Users/chayanao/Local Sites/hamburger/app/public/wp-includes/general-template.php(48): locate_template(Array, true, true, Array)
#3 /Users/chayanao/Local Sites/hamburger/app/public/wp-content/themes/Hamburger/index.php(1): get_header()
#4 /Users/chayanao/Local Sites/hamburger/app/public/wp-includes/template-loader.php(106): include('/Users/chayanao...')
#5 /Users/chayanao/Local Sites/hamburger/app/public/wp-blog-header.php(19): require_once('/Users/chayanao...')
#6 /Users/chayanao/Local Sites/hamburger/app/public/index.php(17): require('/Users/chayanao...')
#7 {main}
  thrown in /Users/chayanao/Local Sites/hamburger/app/public/wp-content/themes/Hamburger/header.php on line 10
[11-Jun-2022 03:21:54 UTC] PHP Fatal error:  Uncaught Error: Call to undefined function get_template_directory_url() in /Users/chayanao/Local Sites/hamburger/app/public/wp-content/themes/Hamburger/header.php:10
Stack trace:
#0 /Users/chayanao/Local Sites/hamburger/app/public/wp-includes/template.php(770): require_once()
#1 /Users/chayanao/Local Sites/hamburger/app/public/wp-includes/template.php(716): load_template('/Users/chayanao...', true, Array)
#2 /Users/chayanao/Local Sites/hamburger/app/public/wp-includes/general-template.php(48): locate_template(Array, true, true, Array)
#3 /Users/chayanao/Local Sites/hamburger/app/public/wp-content/themes/Hamburger/index.php(1): get_header()
#4 /Users/chayanao/Local Sites/hamburger/app/public/wp-includes/template-loader.php(106): include('/Users/chayanao...')
#5 /Users/chayanao/Local Sites/hamburger/app/public/wp-blog-header.php(19): require_once('/Users/chayanao...')
#6 /Users/chayanao/Local Sites/hamburger/app/public/index.php(17): require('/Users/chayanao...')
#7 {main}
  thrown in /Users/chayanao/Local Sites/hamburger/app/public/wp-content/themes/Hamburger/header.php on line 10
[11-Jun-2022 03:30:12 UTC] PHP Fatal error:  Uncaught Error: Call to undefined function get_template_directory_url() in /Users/chayanao/Local Sites/hamburger/app/public/wp-content/themes/Hamburger/header.php:10
Stack trace:
#0 /Users/chayanao/Local Sites/hamburger/app/public/wp-includes/template.php(770): require_once()
#1 /Users/chayanao/Local Sites/hamburger/app/public/wp-includes/template.php(716): load_template('/Users/chayanao...', true, Array)
#2 /Users/chayanao/Local Sites/hamburger/app/public/wp-includes/general-template.php(48): locate_template(Array, true, true, Array)
#3 /Users/chayanao/Local Sites/hamburger/app/public/wp-content/themes/Hamburger/index.php(1): get_header()
#4 /Users/chayanao/Local Sites/hamburger/app/public/wp-includes/template-loader.php(106): include('/Users/chayanao...')
#5 /Users/chayanao/Local Sites/hamburger/app/public/wp-blog-header.php(19): require_once('/Users/chayanao...')
#6 /Users/chayanao/Local Sites/hamburger/app/public/index.php(17): require('/Users/chayanao...')
#7 {main}
  thrown in /Users/chayanao/Local Sites/hamburger/app/public/wp-content/themes/Hamburger/header.php on line 10
[11-Jun-2022 03:33:41 UTC] PHP Fatal error:  Uncaught Error: Call to undefined function get_template_directory_url() in /Users/chayanao/Local Sites/hamburger/app/public/wp-content/themes/Hamburger/header.php:10
Stack trace:
#0 /Users/chayanao/Local Sites/hamburger/app/public/wp-includes/template.php(770): require_once()
#1 /Users/chayanao/Local Sites/hamburger/app/public/wp-includes/template.php(716): load_template('/Users/chayanao...', true, Array)
#2 /Users/chayanao/Local Sites/hamburger/app/public/wp-includes/general-template.php(48): locate_template(Array, true, true, Array)
#3 /Users/chayanao/Local Sites/hamburger/app/public/wp-content/themes/Hamburger/index.php(1): get_header()
#4 /Users/chayanao/Local Sites/hamburger/app/public/wp-includes/template-loader.php(106): include('/Users/chayanao...')
#5 /Users/chayanao/Local Sites/hamburger/app/public/wp-blog-header.php(19): require_once('/Users/chayanao...')
#6 /Users/chayanao/Local Sites/hamburger/app/public/index.php(17): require('/Users/chayanao...')
#7 {main}
  thrown in /Users/chayanao/Local Sites/hamburger/app/public/wp-content/themes/Hamburger/header.php on line 10
[11-Jun-2022 03:38:43 UTC] PHP Fatal error:  Uncaught Error: Call to undefined function get_template_directory_url() in /Users/chayanao/Local Sites/hamburger/app/public/wp-content/themes/Hamburger/header.php:10
Stack trace:
#0 /Users/chayanao/Local Sites/hamburger/app/public/wp-includes/template.php(770): require_once()
#1 /Users/chayanao/Local Sites/hamburger/app/public/wp-includes/template.php(716): load_template('/Users/chayanao...', true, Array)
#2 /Users/chayanao/Local Sites/hamburger/app/public/wp-includes/general-template.php(48): locate_template(Array, true, true, Array)
#3 /Users/chayanao/Local Sites/hamburger/app/public/wp-content/themes/Hamburger/index.php(1): get_header()
#4 /Users/chayanao/Local Sites/hamburger/app/public/wp-includes/template-loader.php(106): include('/Users/chayanao...')
#5 /Users/chayanao/Local Sites/hamburger/app/public/wp-blog-header.php(19): require_once('/Users/chayanao...')
#6 /Users/chayanao/Local Sites/hamburger/app/public/index.php(17): require('/Users/chayanao...')
#7 {main}
  thrown in /Users/chayanao/Local Sites/hamburger/app/public/wp-content/themes/Hamburger/header.php on line 10
[11-Jun-2022 03:40:23 UTC] PHP Fatal error:  Uncaught Error: Call to undefined function get_template_directory_url() in /Users/chayanao/Local Sites/hamburger/app/public/wp-content/themes/Hamburger/header.php:10
Stack trace:
#0 /Users/chayanao/Local Sites/hamburger/app/public/wp-includes/template.php(770): require_once()
#1 /Users/chayanao/Local Sites/hamburger/app/public/wp-includes/template.php(716): load_template('/Users/chayanao...', true, Array)
#2 /Users/chayanao/Local Sites/hamburger/app/public/wp-includes/general-template.php(48): locate_template(Array, true, true, Array)
#3 /Users/chayanao/Local Sites/hamburger/app/public/wp-content/themes/Hamburger/index.php(1): get_header()
#4 /Users/chayanao/Local Sites/hamburger/app/public/wp-includes/template-loader.php(106): include('/Users/chayanao...')
#5 /Users/chayanao/Local Sites/hamburger/app/public/wp-blog-header.php(19): require_once('/Users/chayanao...')
#6 /Users/chayanao/Local Sites/hamburger/app/public/index.php(17): require('/Users/chayanao...')
#7 {main}
  thrown in /Users/chayanao/Local Sites/hamburger/app/public/wp-content/themes/Hamburger/header.php on line 10
[11-Jun-2022 03:40:36 UTC] PHP Fatal error:  Uncaught Error: Call to undefined function get_template_directory_url() in /Users/chayanao/Local Sites/hamburger/app/public/wp-content/themes/Hamburger/header.php:10
Stack trace:
#0 /Users/chayanao/Local Sites/hamburger/app/public/wp-includes/template.php(770): require_once()
#1 /Users/chayanao/Local Sites/hamburger/app/public/wp-includes/template.php(716): load_template('/Users/chayanao...', true, Array)
#2 /Users/chayanao/Local Sites/hamburger/app/public/wp-includes/general-template.php(48): locate_template(Array, true, true, Array)
#3 /Users/chayanao/Local Sites/hamburger/app/public/wp-content/themes/Hamburger/index.php(1): get_header()
#4 /Users/chayanao/Local Sites/hamburger/app/public/wp-includes/template-loader.php(106): include('/Users/chayanao...')
#5 /Users/chayanao/Local Sites/hamburger/app/public/wp-blog-header.php(19): require_once('/Users/chayanao...')
#6 /Users/chayanao/Local Sites/hamburger/app/public/index.php(17): require('/Users/chayanao...')
#7 {main}
  thrown in /Users/chayanao/Local Sites/hamburger/app/public/wp-content/themes/Hamburger/header.php on line 10
[13-Jun-2022 12:13:52 UTC] PHP Parse error:  syntax error, unexpected end of file in /Users/chayanao/Local Sites/hamburger/app/public/wp-content/themes/Hamburger/functions.php on line 3
[13-Jun-2022 12:13:55 UTC] PHP Parse error:  syntax error, unexpected end of file in /Users/chayanao/Local Sites/hamburger/app/public/wp-content/themes/Hamburger/functions.php on line 3
[13-Jun-2022 12:15:13 UTC] PHP Parse error:  syntax error, unexpected end of file, expecting '(' in /Users/chayanao/Local Sites/hamburger/app/public/wp-content/themes/Hamburger/functions.php on line 7
[13-Jun-2022 12:15:21 UTC] PHP Parse error:  syntax error, unexpected end of file, expecting '(' in /Users/chayanao/Local Sites/hamburger/app/public/wp-content/themes/Hamburger/functions.php on line 7
[13-Jun-2022 12:17:13 UTC] PHP Parse error:  syntax error, unexpected ')' in /Users/chayanao/Local Sites/hamburger/app/public/wp-content/themes/Hamburger/functions.php on line 10
[13-Jun-2022 12:17:21 UTC] PHP Parse error:  syntax error, unexpected ')' in /Users/chayanao/Local Sites/hamburger/app/public/wp-content/themes/Hamburger/functions.php on line 10
[13-Jun-2022 12:19:14 UTC] PHP Parse error:  syntax error, unexpected ')', expecting end of file in /Users/chayanao/Local Sites/hamburger/app/public/wp-content/themes/Hamburger/functions.php on line 13
[13-Jun-2022 12:19:21 UTC] PHP Parse error:  syntax error, unexpected ')', expecting end of file in /Users/chayanao/Local Sites/hamburger/app/public/wp-content/themes/Hamburger/functions.php on line 13
[13-Jun-2022 12:21:15 UTC] PHP Parse error:  syntax error, unexpected '}' in /Users/chayanao/Local Sites/hamburger/app/public/wp-content/themes/Hamburger/functions.php on line 16
[13-Jun-2022 12:21:20 UTC] PHP Parse error:  syntax error, unexpected '}' in /Users/chayanao/Local Sites/hamburger/app/public/wp-content/themes/Hamburger/functions.php on line 16
[13-Jun-2022 12:23:01 UTC] PHP Parse error:  syntax error, unexpected end of file, expecting '(' in /Users/chayanao/Local Sites/hamburger/app/public/wp-content/themes/Hamburger/functions.php on line 17
[13-Jun-2022 12:26:57 UTC] PHP Parse error:  syntax error, unexpected '}' in /Users/chayanao/Local Sites/hamburger/app/public/wp-content/themes/Hamburger/functions.php on line 19
[13-Jun-2022 12:27:03 UTC] PHP Parse error:  syntax error, unexpected '}' in /Users/chayanao/Local Sites/hamburger/app/public/wp-content/themes/Hamburger/functions.php on line 19
[13-Jun-2022 12:28:58 UTC] PHP Parse error:  syntax error, unexpected '}' in /Users/chayanao/Local Sites/hamburger/app/public/wp-content/themes/Hamburger/functions.php on line 19
[13-Jun-2022 12:29:04 UTC] PHP Parse error:  syntax error, unexpected '}' in /Users/chayanao/Local Sites/hamburger/app/public/wp-content/themes/Hamburger/functions.php on line 19
[13-Jun-2022 12:30:59 UTC] PHP Parse error:  syntax error, unexpected '}' in /Users/chayanao/Local Sites/hamburger/app/public/wp-content/themes/Hamburger/functions.php on line 19
[13-Jun-2022 12:31:05 UTC] PHP Parse error:  syntax error, unexpected '}' in /Users/chayanao/Local Sites/hamburger/app/public/wp-content/themes/Hamburger/functions.php on line 19
[13-Jun-2022 12:33:00 UTC] PHP Parse error:  syntax error, unexpected '}' in /Users/chayanao/Local Sites/hamburger/app/public/wp-content/themes/Hamburger/functions.php on line 19
[13-Jun-2022 12:33:08 UTC] PHP Parse error:  syntax error, unexpected '}' in /Users/chayanao/Local Sites/hamburger/app/public/wp-content/themes/Hamburger/functions.php on line 19
[13-Jun-2022 12:35:10 UTC] PHP Parse error:  syntax error, unexpected '}' in /Users/chayanao/Local Sites/hamburger/app/public/wp-content/themes/Hamburger/functions.php on line 19
[13-Jun-2022 12:37:12 UTC] PHP Parse error:  syntax error, unexpected '}' in /Users/chayanao/Local Sites/hamburger/app/public/wp-content/themes/Hamburger/functions.php on line 19
[13-Jun-2022 12:39:31 UTC] PHP Parse error:  syntax error, unexpected '}' in /Users/chayanao/Local Sites/hamburger/app/public/wp-content/themes/Hamburger/functions.php on line 19
[13-Jun-2022 12:39:34 UTC] PHP Parse error:  syntax error, unexpected '}' in /Users/chayanao/Local Sites/hamburger/app/public/wp-content/themes/Hamburger/functions.php on line 19
[13-Jun-2022 12:39:35 UTC] PHP Parse error:  syntax error, unexpected '}' in /Users/chayanao/Local Sites/hamburger/app/public/wp-content/themes/Hamburger/functions.php on line 19
[13-Jun-2022 12:39:35 UTC] PHP Parse error:  syntax error, unexpected '}' in /Users/chayanao/Local Sites/hamburger/app/public/wp-content/themes/Hamburger/functions.php on line 19
[13-Jun-2022 12:41:28 UTC] PHP Parse error:  syntax error, unexpected '}' in /Users/chayanao/Local Sites/hamburger/app/public/wp-content/themes/Hamburger/functions.php on line 19
[13-Jun-2022 12:41:28 UTC] PHP Parse error:  syntax error, unexpected '}' in /Users/chayanao/Local Sites/hamburger/app/public/wp-content/themes/Hamburger/functions.php on line 19
[13-Jun-2022 12:41:29 UTC] PHP Parse error:  syntax error, unexpected '}' in /Users/chayanao/Local Sites/hamburger/app/public/wp-content/themes/Hamburger/functions.php on line 19
[13-Jun-2022 12:41:29 UTC] PHP Parse error:  syntax error, unexpected '}' in /Users/chayanao/Local Sites/hamburger/app/public/wp-content/themes/Hamburger/functions.php on line 19
[13-Jun-2022 12:41:32 UTC] PHP Parse error:  syntax error, unexpected '}' in /Users/chayanao/Local Sites/hamburger/app/public/wp-content/themes/Hamburger/functions.php on line 19
[13-Jun-2022 12:43:33 UTC] PHP Parse error:  syntax error, unexpected '}' in /Users/chayanao/Local Sites/hamburger/app/public/wp-content/themes/Hamburger/functions.php on line 20
